"F:/Unreal Projects/BlankProject 4.24/Content/Materials/GreenMaterial.uasset" 0
"../../../Engine/Content/EngineMaterials/T_Default_Material_Grid_N.uasset" 1
"../../../Engine/Content/EngineMaterials/T_Default_Material_Grid_M.uasset" 2
"../../../Engine/Content/Functions/Engine_MaterialFunctions01/Opacity/CameraDepthFade.uasset" 3
"../../../Engine/Content/EngineMaterials/WorldGridMaterial.uasset" 4
"../../../Engine/Content/BasicShapes/Cube.uasset" 5
"F:/Unreal Projects/BlankProject 4.24/Content/Materials/RedMaterial.uasset" 6
"../../../Engine/Content/EditorBlueprintResources/StandardMacros.uasset" 7
"F:/Unreal Projects/BlankProject 4.24/Content/GameObjects/Components/CB_ClickableComponent.uasset" 8
"F:/Unreal Projects/BlankProject 4.24/Content/GameObjects/Buildings/CB_Building.uasset" 9
"F:/Unreal Projects/BlankProject 4.24/Content/WaterPlane/Ocean/Materials/FakedCaustics.uasset" 10
"F:/Unreal Projects/BlankProject 4.24/Content/WaterPlane/Ocean/Textures/T_MicroWaves_N.uasset" 11
"F:/Unreal Projects/BlankProject 4.24/Content/WaterPlane/Ocean/Textures/T_OceanFoam_01.uasset" 12
"../../../Engine/Content/ArtTools/RenderToTexture/Meshes/S_1_Unit_Plane.uasset" 13
"../../../Engine/Content/EngineMaterials/DefaultMaterial.uasset" 14
"../../../Engine/Content/BasicShapes/Cone.uasset" 15
"../../../Engine/Content/BasicShapes/Plane.uasset" 16
"../../../Engine/Content/BasicShapes/Sphere.uasset" 17
"../../../Engine/Content/EditorLandscapeResources/DataLayer.uasset" 18
"../../../Engine/Content/EditorLandscapeResources/DefaultAlphaTexture.uasset" 19
"../../../Engine/Content/EditorMaterials/MAT_Groups_Toggle.uasset" 20
"../../../Engine/Content/EditorMaterials/MAT_Groups_Visibility.uasset" 21
"../../../Engine/Content/EditorMaterials/PreviewShadowIndicator.uasset" 22
"../../../Engine/Content/EditorMaterials/PreviewShadowIndicatorMaterial.uasset" 23
"../../../Engine/Content/EditorMaterials/MatineeGroups/MAT_ColorTrack.uasset" 24
"../../../Engine/Content/EditorMaterials/MatineeGroups/MAT_Groups_Anim.uasset" 25
"../../../Engine/Content/EditorMaterials/MatineeGroups/MAT_Groups_AudioMaster.uasset" 26
"../../../Engine/Content/EditorMaterials/MatineeGroups/MAT_Groups_Director.uasset" 27
"../../../Engine/Content/EditorMaterials/MatineeGroups/MAT_Groups_Event.uasset" 28
"../../../Engine/Content/EditorMaterials/MatineeGroups/MAT_Groups_Fade.uasset" 29
"../../../Engine/Content/EditorMaterials/MatineeGroups/MAT_Groups_Float.uasset" 30
"../../../Engine/Content/EditorMaterials/MatineeGroups/MAT_Groups_Move.uasset" 31
"../../../Engine/Content/EditorMaterials/MatineeGroups/MAT_Groups_Slomo.uasset" 32
"../../../Engine/Content/EditorMaterials/MatineeGroups/MAT_Groups_Sound.uasset" 33
"../../../Engine/Content/EditorMaterials/MatineeGroups/MAT_Groups_Vector.uasset" 34
"../../../Engine/Content/EditorMaterials/ParticleSystems/PSysThumbnail_NoImage.uasset" 35
"../../../Engine/Content/EditorMaterials/ParticleSystems/PSysThumbnail_OOD.uasset" 36
"../../../Engine/Content/EditorMaterials/Camera/CineMat.uasset" 37
"../../../Engine/Content/EditorMaterials/Camera/MI_CineMat_Rig.uasset" 38
"../../../Engine/Content/EditorMeshes/Camera/SM_CraneRig_Arm.uasset" 39
"../../../Engine/Content/EditorMeshes/Camera/SM_CraneRig_Base.uasset" 40
"../../../Engine/Content/EditorMeshes/Camera/SM_CraneRig_Body.uasset" 41
"../../../Engine/Content/EditorMeshes/Camera/SM_CraneRig_Mount.uasset" 42
"../../../Engine/Content/EditorMeshes/Camera/SM_RailRig_Mount.uasset" 43
"../../../Engine/Content/EditorMeshes/Camera/SM_RailRig_Track.uasset" 44
"../../../Engine/Content/EditorResources/BSPVertex.uasset" 45
"../../../Engine/Content/EditorResources/EmptyActor.uasset" 46
"../../../Engine/Content/EditorResources/S_Actor.uasset" 47
"../../../Engine/Content/EditorResources/S_Note.uasset" 48
"../../../Engine/Content/EditorResources/S_Solver.uasset" 49
"../../../Engine/Content/EditorResources/S_Terrain.uasset" 50
"../../../Engine/Content/EditorResources/S_Trigger.uasset" 51
"../../../Engine/Content/EditorResources/LightIcons/S_LightError.uasset" 52
"../../../Engine/Content/EditorResources/SequenceRecorder/Countdown.uasset" 53
"../../../Engine/Content/EditorResources/SequenceRecorder/RecordingIndicator.uasset" 54
"../../../Engine/Content/EngineDamageTypes/DmgTypeBP_Environmental.uasset" 55
"../../../Engine/Content/EngineDebugMaterials/DebugEditorMaterial.uasset" 56
"../../../Engine/Content/EngineDebugMaterials/DebugMeshMaterial.uasset" 57
"../../../Engine/Content/EngineDebugMaterials/M_SimpleUnlitTranslucent.uasset" 58
"../../../Engine/Content/EngineDebugMaterials/VolumeToRender.uasset" 59
"../../../Engine/Content/Functions/Engine_MaterialFunctions02/Utility/CameraDirectionVector.uasset" 60
"../../../Engine/Content/EngineDebugMaterials/M_VolumeRenderSphereTracePP.uasset" 61
"../../../Engine/Content/Functions/Engine_MaterialFunctions01/Shading/ConvertFromDiffSpec.uasset" 62
"../../../Engine/Content/EngineDebugMaterials/VertexColorMaterial.uasset" 63
"../../../Engine/Content/EngineDebugMaterials/WireframeMaterial.uasset" 64
"../../../Engine/Content/EngineFonts/Faces/RobotoRegular.uasset" 65
"../../../Engine/Content/EngineFonts/Faces/RobotoLight.uasset" 66
"../../../Engine/Content/EngineFonts/Faces/RobotoItalic.uasset" 67
"../../../Engine/Content/EngineFonts/Faces/RobotoBoldItalic.uasset" 68
"../../../Engine/Content/EngineFonts/Faces/RobotoBold.uasset" 69
"../../../Engine/Content/EngineFonts/Faces/DroidSansFallback.uasset" 70
"../../../Engine/Content/EngineFonts/Roboto.uasset" 71
"../../../Engine/Content/EngineMaterials/BaseFlattenNormalMap.uasset" 72
"../../../Engine/Content/EngineMaterials/BaseFlattenGrayscaleMap.uasset" 73
"../../../Engine/Content/EngineMaterials/BaseFlattenEmissiveMap.uasset" 74
"../../../Engine/Content/EngineMaterials/BaseFlattenDiffuseMap.uasset" 75
"../../../Engine/Content/EngineMaterials/BaseFlattenMaterial.uasset" 76
"../../../Engine/Content/EngineMaterials/BlueNoise.uasset" 77
"../../../Engine/Content/EngineMaterials/DefaultBloomKernel.uasset" 78
"../../../Engine/Content/EngineMaterials/DefaultBokeh.uasset" 79
"../../../Engine/Content/EngineMaterials/DefaultDiffuse.uasset" 80
"../../../Engine/Content/EngineMaterials/DefaultDeferredDecalMaterial.uasset" 81
"../../../Engine/Content/EngineMaterials/DefaultLightFunctionMaterial.uasset" 82
"../../../Engine/Content/EngineMaterials/DefaultPhysicalMaterial.uasset" 83
"../../../Engine/Content/Functions/Engine_MaterialFunctions02/Utility/BreakOutFloat2Components.uasset" 84
"../../../Engine/Content/EngineMaterials/DefaultPostProcessMaterial.uasset" 85
"../../../Engine/Content/EngineFonts/RobotoDistanceField.uasset" 86
"../../../Engine/Content/EngineMaterials/DefaultTextMaterialOpaque.uasset" 87
"../../../Engine/Content/EngineMaterials/DefaultWhiteGrid_Low.uasset" 88
"../../../Engine/Content/EngineMaterials/EmissiveMeshMaterial.uasset" 89
"../../../Engine/Content/EngineMaterials/GizmoMaterial.uasset" 90
"../../../Engine/Content/EngineMaterials/MiniFont.uasset" 91
"../../../Engine/Content/EngineMaterials/InvalidLightmapSettings.uasset" 92
"../../../Engine/Content/EngineMaterials/M_InvalidLightmapSettings.uasset" 93
"../../../Engine/Content/Functions/Engine_MaterialFunctions02/WorldPositionOffset/CameraOffset.uasset" 94
"../../../Engine/Content/EngineMaterials/PhAT_JointLimitMaterial.uasset" 95
"../../../Engine/Content/EngineMaterials/PreintegratedSkinBRDF.uasset" 96
"../../../Engine/Content/EngineMaterials/RemoveSurfaceMaterial.uasset" 97
"../../../Engine/Content/EngineMaterials/WeightMapPlaceholderTexture.uasset" 98
"../../../Engine/Content/EngineResources/WhiteSquareTexture.uasset" 99
"../../../Engine/Content/EngineMaterials/Widget3DPassThrough.uasset" 100
"../../../Engine/Content/EngineMaterials/Widget3DPassThrough_Masked.uasset" 101
"../../../Engine/Content/EngineMaterials/Widget3DPassThrough_Opaque.uasset" 102
"../../../Engine/Content/EngineMaterials/Widget3DPassThrough_Masked_OneSided.uasset" 103
"../../../Engine/Content/EngineMaterials/Widget3DPassThrough_Opaque_OneSided.uasset" 104
"../../../Engine/Content/EngineMaterials/Widget3DPassThrough_Translucent.uasset" 105
"../../../Engine/Content/EngineMaterials/Widget3DPassThrough_Translucent_OneSided.uasset" 106
"../../../Engine/Content/EngineMeshes/Cylinder.uasset" 107
"../../../Engine/Content/EngineMeshes/Sphere.uasset" 108
"../../../Engine/Content/EngineResources/Black.uasset" 109
"../../../Engine/Content/EngineResources/DefaultTextureCube.uasset" 110
"../../../Engine/Content/EngineResources/DefaultVolumeTexture2D.uasset" 111
"../../../Engine/Content/EngineResources/DefaultVolumeTexture.uasset" 112
"../../../Engine/Content/EngineResources/GradientTexture0.uasset" 113
"../../../Engine/Content/EngineSky/VolumetricClouds/T_NoiseShape64.uasset" 114
"../../../Engine/Content/EngineSky/VolumetricClouds/T_VolumeNoiseShape64.uasset" 115
"../../../Engine/Content/EngineSky/VolumetricClouds/T_NoiseErosion.uasset" 116
"../../../Engine/Content/EngineSky/VolumetricClouds/T_VolumeNoiseErosion32.uasset" 117
"../../../Engine/Content/EngineSky/VolumetricClouds/CloudWeatherTexture.uasset" 118
"../../../Engine/Content/EngineSky/VolumetricClouds/CloudGradientTexture.uasset" 119
"../../../Engine/Content/Functions/Engine_MaterialFunctions02/Utility/MakeFloat2.uasset" 120
"../../../Engine/Content/EngineSky/VolumetricClouds/m_SimpleVolumetricCloud.uasset" 121
"../../../Engine/Content/EngineSky/VolumetricClouds/m_SimpleVolumetricCloud_Inst.uasset" 122
"../../../Engine/Content/EngineSounds/Master.uasset" 123
"../../../Engine/Content/Functions/Engine_MaterialFunctions01/Shading/PowerToRoughness.uasset" 124
"../../../Engine/Content/Maps/Templates/Thumbnails/Default.uasset" 125
"../../../Engine/Content/Maps/Templates/Thumbnails/TimeOfDay.uasset" 126
"../../../Engine/Content/Maps/Templates/Thumbnails/VR-Basic.uasset" 127
"../../../Engine/Content/MobileResources/T_MobileControls_texture.uasset" 128
"../../../Engine/Content/MobileResources/T_MobileMenu2.uasset" 129
"../../../Engine/Content/MobileResources/HUD/AnalogHat.uasset" 130
"../../../Engine/Content/MobileResources/HUD/VirtualJoystick_Thumb.uasset" 131
"../../../Engine/Content/MobileResources/HUD/VirtualJoystick_Background.uasset" 132
"../../../Engine/Content/MobileResources/HUD/DefaultVirtualJoysticks.uasset" 133
"../../../Engine/Content/MobileResources/HUD/LeftVirtualJoystickOnly.uasset" 134
"../../../Engine/Content/MobileResources/HUD/MobileHUDButton1_off.uasset" 135
"../../../Engine/Content/MobileResources/HUD/MobileHUDButton1_on.uasset" 136
"../../../Engine/Content/MobileResources/HUD/MobileHUDButton2_off.uasset" 137
"../../../Engine/Content/MobileResources/HUD/MobileHUDButton2_on.uasset" 138
"../../../Engine/Content/MobileResources/HUD/MobileHUDButton3.uasset" 139
"../../../Engine/Content/MobileResources/HUD/MobileHUDButtonFire.uasset" 140
"../../../Engine/Content/MobileResources/HUD/MobileHUDDirectionPad.uasset" 141
"../../../Engine/Content/MobileResources/HUD/MobileHUDDirectionPad2.uasset" 142
"../../../Engine/Content/MobileResources/HUD/MobileHUDDirectionPad3.uasset" 143
"../../../Engine/Content/MobileResources/HUD/MobileHUDDirectionStick.uasset" 144
"../../../Engine/Content/MobileResources/HUD/T_Castle_ThumbstickInner.uasset" 145
"../../../Engine/Content/MobileResources/HUD/T_Castle_ThumbstickOutter.uasset" 146
"../../../Engine/Content/Tutorial/ContentIntroCurve.uasset" 147
"../../../Engine/Content/Tutorial/Basics/LevelEditorAttract.uasset" 148
"../../../Engine/Content/Tutorial/Basics/TutorialAssets/icon_tab_Levels_40x.uasset" 149
"../../../Engine/Content/Tutorial/Basics/LevelEditorOverview.uasset" 150
"../../../Engine/Content/VREditor/TransformGizmo/TranslucentTransformGizmoMaterial.uasset" 151
"../../../Engine/Content/VREditor/LaserPointer/VR_LaserPower_01.uasset" 152
"../../../Engine/Content/VREditor/TransformGizmo/TransformGizmoMaterial.uasset" 153
"../../../Engine/Content/VREditor/TransformGizmo/BoundingBoxCorner.uasset" 154
"../../../Engine/Content/VREditor/TransformGizmo/BoundingBoxEdge.uasset" 155
"../../../Engine/Content/VREditor/TransformGizmo/PlaneTranslationHandle.uasset" 156
"../../../Engine/Content/VREditor/TransformGizmo/Xray.uasset" 157
"../../../Engine/Content/VREditor/TransformGizmo/Main.uasset" 158
"../../../Engine/Content/VREditor/TransformGizmo/SM_Sequencer_Key.uasset" 159
"../../../Engine/Content/VREditor/TransformGizmo/SM_Sequencer_Node.uasset" 160
"../../Plugins/2D/Paper2D/Content/PlaceholderTextures/DummySpriteTexture.uasset" 161
"../../Plugins/2D/Paper2D/Content/DummySprite.uasset" 162
"../../Plugins/2D/Paper2D/Content/DefaultPaperTerrainMaterial.uasset" 163
"../../Plugins/2D/Paper2D/Content/DefaultSpriteMaterial.uasset" 164
"../../Plugins/2D/Paper2D/Content/MaskedUnlitSpriteMaterial.uasset" 165
"../../Plugins/2D/Paper2D/Content/OpaqueUnlitSpriteMaterial.uasset" 166
"../../../Engine/Content/Functions/Engine_MaterialFunctions02/Utility/BreakOutFloat3Components.uasset" 167
"../../Plugins/Editor/SpeedTreeImporter/Content/SpeedTree9/UnpackInteger3.uasset" 168
"../../Plugins/Editor/SpeedTreeImporter/Content/SpeedTree9/UnpackDirection.uasset" 169
"../../Plugins/Editor/SpeedTreeImporter/Content/SpeedTree9/game_wind_noise.uasset" 170
"../../../Engine/Content/Functions/Engine_MaterialFunctions02/SafeNormalize.uasset" 171
"../../Plugins/Editor/SpeedTreeImporter/Content/SpeedTree9/SpeedTreeWindMotion.uasset" 172
"../../Plugins/Editor/SpeedTreeImporter/Content/SpeedTree9/SpeedTreeBranchMotion.uasset" 173
"../../../Engine/Content/Functions/Engine_MaterialFunctions02/ObjectLocalBounds.uasset" 174
"../../../Engine/Content/Functions/Engine_MaterialFunctions02/UVs/BoundingBoxBased_0-1_UVW.uasset" 175
"../../Plugins/Editor/SpeedTreeImporter/Content/SpeedTree9/SpeedTreeWind.uasset" 176
"../../Plugins/Editor/SpeedTreeImporter/Content/SpeedTree9/SpeedTreeBillboard.uasset" 177
"../../../Engine/Content/EngineResources/DefaultTexture.uasset" 178
"../../Plugins/Editor/SpeedTreeImporter/Content/SpeedTree9/SpeedTreeBillboardMaster.uasset" 179
"../../Plugins/Editor/SpeedTreeImporter/Content/SpeedTree9/SpeedTreeCameraFacing.uasset" 180
"../../Plugins/Editor/SpeedTreeImporter/Content/SpeedTree9/SpeedTreeMaster.uasset" 181
"../../Plugins/Experimental/Landmass/Content/Landscape/BlueprintBrushes/MPC/MPC_Landscape.uasset" 182
"../../../Engine/Content/BasicShapes/Cylinder.uasset" 183
"../../../Engine/Content/ArtTools/RenderToTexture/Materials/Debug/M_Emissive_Color.uasset" 184
"../../Plugins/Lumin/MagicLeapPassableWorld/Content/MagicLeapARPinInfoActor.uasset" 185
"../../Plugins/Experimental/Water/Content/Curves/FloatCurve.uasset" 186
"../../Plugins/Experimental/Water/Content/Curves/FloatCurve_WaterBodyIsland.uasset" 187
"../../Plugins/Experimental/Water/Content/Materials/MPC/MPC_Water.uasset" 188
"../../Plugins/Experimental/Water/Content/Meshes/LakeMesh.uasset" 189
"../../Plugins/Experimental/Water/Content/Meshes/RiverMesh.uasset" 190
"../../Plugins/Experimental/Water/Content/Waves/GerstnerWaves_Lake.uasset" 191
"../../Plugins/Experimental/Water/Content/Waves/GerstnerWaves_Ocean.uasset" 192
"../../../Engine/Content/Functions/Engine_MaterialFunctions02/Utility/BreakOutFloat4Components.uasset" 193
"../../../Engine/Content/Functions/Engine_MaterialFunctions02/Utility/MakeFloat3.uasset" 194
"../../Plugins/Runtime/Oculus/OculusVR/Content/Materials/OculusMR_ChromaKey.uasset" 195
"../../Plugins/Runtime/Oculus/OculusVR/Content/Materials/OculusMR_OpaqueColoredMaterial.uasset" 196
"../../Plugins/Runtime/Oculus/OculusVR/Content/Materials/PokeAHoleMaterial.uasset" 197
"../../Plugins/Marketplace/Voxel/Content/Examples/VoxelDefaultBrushMask.uasset" 198
"../../Plugins/Marketplace/Voxel/Content/Examples/Importers/Chair/VoxelExample_T_Chair_N.uasset" 199
"../../Plugins/Marketplace/Voxel/Content/Examples/Importers/Chair/VoxelExample_T_Chair_M.uasset" 200
"../../Plugins/Marketplace/Voxel/Content/Examples/Importers/Chair/VoxelExample_M_Chair_Emissive_Color.uasset" 201
"../../../Engine/Content/Functions/Engine_MaterialFunctions02/Utility/MakeFloat4.uasset" 202
"../../Plugins/Marketplace/Voxel/Content/Examples/Importers/Chair/VoxelExample_M_Chair_Emissive_UVs.uasset" 203
"../../Plugins/Marketplace/Voxel/Content/Examples/Importers/Chair/VoxelExample_M_Chair.uasset" 204
"../../Plugins/Marketplace/Voxel/Content/Examples/Importers/Chair/VoxelExample_SM_Chair.uasset" 205
"../../../Engine/Content/Functions/Engine_MaterialFunctions02/Texturing/ScreenAlignedPixelToPixelUVs.uasset" 206
"../../../Engine/Content/EngineMaterials/Good64x64TilingNoiseHighFreq.uasset" 207
"../../../Engine/Content/Functions/Engine_MaterialFunctions02/Utility/DitherTemporalAA.uasset" 208
"../../Plugins/Marketplace/Voxel/Content/MaterialHelpers/VoxelOpacity.uasset" 209
"../../Plugins/Marketplace/Voxel/Content/Examples/Materials/RGB/M_VoxelMaterial_Colors_Parameter.uasset" 210
"../../Plugins/Marketplace/Voxel/Content/Preview/M_2DPreviewMaterial.uasset" 211
"../../../Engine/Content/Functions/Engine_MaterialFunctions02/ExampleContent/Textures/SphereRenderHeightMap.uasset" 212
"../../../Engine/Content/Functions/Engine_MaterialFunctions01/Volumetrics/BeersLaw.uasset" 213
"../../../Engine/Content/Functions/Engine_MaterialFunctions01/Math/BoxIntersection.uasset" 214
"../../../Engine/Content/Functions/Engine_MaterialFunctions01/Coordinates/1Dto2DIndex.uasset" 215
"../../Plugins/Marketplace/Voxel/Content/Preview/VoxelRayMarchHeightMap.uasset" 216
"../../Plugins/Marketplace/Voxel/Content/Preview/DefaultVoxelPreview.uasset" 217
"../../Plugins/Marketplace/Voxel/Content/Preview/C_GradientWater.uasset" 218
"../../Plugins/Marketplace/Voxel/Content/Preview/C_GradientNoWater.uasset" 219
"../../Plugins/Marketplace/Voxel/Content/Preview/CA_Gradient.uasset" 220
"../../Plugins/Marketplace/Voxel/Content/Preview/M_PreviewMaterial.uasset" 221
"../../Plugins/Marketplace/Voxel/Content/Preview/SM_Plane.uasset" 222
"../../Plugins/Marketplace/Voxel/Content/ToolMaterials/ToolMeshMaterial.uasset" 223
"../../Plugins/Marketplace/Voxel/Content/ToolMaterials/ToolMeshMaterial_Level.uasset" 224
"../../Plugins/Marketplace/Voxel/Content/ToolMaterials/ToolMeshMaterial_Mesh.uasset" 225
"../../Plugins/Marketplace/Voxel/Content/ToolMaterials/ToolMeshMaterial_Sphere.uasset" 226
"../../../Engine/Content/Functions/Engine_MaterialFunctions01/Gradient/LinearGradient.uasset" 227
"../../../Engine/Content/Functions/Engine_MaterialFunctions01/ImageAdjustment/CheapContrast.uasset" 228
"../../../Engine/Content/Functions/Engine_MaterialFunctions02/SmoothStep.uasset" 229
"../../Plugins/Marketplace/Voxel/Content/ToolMaterials/ToolRenderingMaterial.uasset" 230
"../../Plugins/Marketplace/Voxel/Content/ToolMaterials/ToolRenderingMaterial_Flatten.uasset" 231
"../../Plugins/Marketplace/Voxel/Content/ToolMaterials/ToolRenderingMaterial_Smooth.uasset" 232
"../../Plugins/Marketplace/Voxel/Content/ToolMaterials/ToolRenderingMaterial_Sphere.uasset" 233
"../../Plugins/Marketplace/Voxel/Content/ToolMaterials/ToolRenderingMaterial_Surface.uasset" 234
"../../Plugins/Marketplace/Voxel/Content/ToolMaterials/ToolRenderingMaterial_Trim.uasset" 235
"../../../Engine/Content/Functions/Engine_MaterialFunctions02/Utility/VectorLength.uasset" 236
"../../../Engine/Content/Functions/Engine_MaterialFunctions02/WorldPositionOffset/ObjectScale.uasset" 237
"../../Plugins/Marketplace/Voxel/Content/MaterialHelpers/Voxel_LocalPosition.uasset" 238
"../../Plugins/Marketplace/Voxel/Content/ToolMaterials/ViewportPlaneMaterial.uasset" 239
"F:/Unreal Projects/BlankProject 4.24/Content/Levels/Curves/CRV_Islands.uasset" 240
"F:/Unreal Projects/BlankProject 4.24/Content/Levels/Curves/CRV_Land.uasset" 241
"F:/Unreal Projects/BlankProject 4.24/Content/Levels/Curves/CRV_Mountains.uasset" 242
"F:/Unreal Projects/BlankProject 4.24/Content/Levels/Curves/CRV_Ocean.uasset" 243
"F:/Unreal Projects/BlankProject 4.24/Content/Levels/CB_VoxelGraphOutputs.uasset" 244
"../../Plugins/Marketplace/Voxel/Content/Macros/SDF/2DNoiseSDF.uasset" 245
"F:/Unreal Projects/BlankProject 4.24/Content/Levels/CB_VoxelGraph.uasset" 246
"F:/Unreal Projects/BlankProject 4.24/Content/Materials/Mat_Grid.uasset" 247
"../../../Engine/Content/VREditor/LaserPointer/LaserPointerMaterial.uasset" 248
"F:/Unreal Projects/BlankProject 4.24/Content/GameObjects/Grid/BP_Grid.uasset" 249
"F:/Unreal Projects/BlankProject 4.24/Content/Materials/MAT_School.uasset" 250
"F:/Unreal Projects/BlankProject 4.24/Content/GameObjects/Grid/BuildingTypeEnum.uasset" 251
"F:/Unreal Projects/BlankProject 4.24/Content/GameObjects/CB_PlaceableBaseAsset.uasset" 252
"F:/Unreal Projects/BlankProject 4.24/Content/GameObjects/Buildings/CB_School.uasset" 253
"F:/Unreal Projects/BlankProject 4.24/Content/Materials/MAT_HuntingLodge.uasset" 254
"F:/Unreal Projects/BlankProject 4.24/Content/GameObjects/Buildings/CB_HuntingLodge.uasset" 255
"F:/Unreal Projects/BlankProject 4.24/Content/Materials/MAT_House.uasset" 256
"F:/Unreal Projects/BlankProject 4.24/Content/GameObjects/Buildings/CB_House.uasset" 257
"F:/Unreal Projects/BlankProject 4.24/Content/Materials/MAT_FishingLodge.uasset" 258
"F:/Unreal Projects/BlankProject 4.24/Content/GameObjects/Buildings/CB_FishingLodge.uasset" 259
"F:/Unreal Projects/BlankProject 4.24/Content/Materials/MAT_Blacksmith.uasset" 260
"F:/Unreal Projects/BlankProject 4.24/Content/GameObjects/Buildings/CB_Blacksmith.uasset" 261
"F:/Unreal Projects/BlankProject 4.24/Content/Materials/MAT_Path.uasset" 262
"F:/Unreal Projects/BlankProject 4.24/Content/GameObjects/Buildings/CB_PathTile.uasset" 263
"F:/Unreal Projects/BlankProject 4.24/Content/GameObjects/Grid/GridCell.uasset" 264
"F:/Unreal Projects/BlankProject 4.24/Content/GameObjects/Grid/GridManager.uasset" 265
"F:/Unreal Projects/BlankProject 4.24/Content/GameObjects/Components/CB_PloppableComponent.uasset" 266
"F:/Unreal Projects/BlankProject 4.24/Content/Character/CB_CameraController.uasset" 267
"F:/Unreal Projects/BlankProject 4.24/Content/Character/CB_PlayerController.uasset" 268
"F:/Unreal Projects/BlankProject 4.24/Content/UI/Assets/BTN_blacksmith.uasset" 269
"F:/Unreal Projects/BlankProject 4.24/Content/UI/Assets/BTN_fishing.uasset" 270
"F:/Unreal Projects/BlankProject 4.24/Content/UI/Assets/BTN_highlight.uasset" 271
"F:/Unreal Projects/BlankProject 4.24/Content/UI/Assets/BTN_hunter.uasset" 272
"F:/Unreal Projects/BlankProject 4.24/Content/UI/Assets/BTN_path.uasset" 273
"F:/Unreal Projects/BlankProject 4.24/Content/UI/Assets/BTN_school.uasset" 274
"F:/Unreal Projects/BlankProject 4.24/Content/UI/Assets/BTN_house.uasset" 275
"F:/Unreal Projects/BlankProject 4.24/Content/UI/MainHUDWidget.uasset" 276
"F:/Unreal Projects/BlankProject 4.24/Content/UI/CB_MainHUD.uasset" 277
"F:/Unreal Projects/BlankProject 4.24/Content/GameModes/CB_GameModeBase.uasset" 278
"../../../Engine/Content/EngineSky/C_Sky_Zenith_Color.uasset" 279
"../../../Engine/Content/EngineSky/C_Sky_Horizon_Color.uasset" 280
"../../../Engine/Content/EngineSky/C_Sky_Cloud_Color.uasset" 281
"../../../Engine/Content/EngineSky/T_Sky_Blue.uasset" 282
"../../../Engine/Content/EngineSky/T_Sky_Clouds_M.uasset" 283
"../../../Engine/Content/EngineSky/T_Sky_Stars.uasset" 284
"../../../Engine/Content/EngineSky/M_Sky_Panning_Clouds2.uasset" 285
"../../../Engine/Content/EngineSky/SM_SkySphere.uasset" 286
"../../../Engine/Content/EngineSky/BP_Sky_Sphere.uasset" 287
"F:/Unreal Projects/BlankProject 4.24/Content/Levels/MainMap_BuiltData.uasset" 288
"F:/Unreal Projects/BlankProject 4.24/Content/Materials/Highlight.uasset" 289
"../../Plugins/Marketplace/Voxel/Content/Examples/Shared/Textures/TextureHaven/CoralMud/T_CoralMud_Normal.uasset" 290
"../../Plugins/Marketplace/Voxel/Content/Examples/Shared/Textures/TextureHaven/CoralMud/T_CoralMud_Albedo.uasset" 291
"../../Plugins/Marketplace/Voxel/Content/Examples/Shared/Textures/TextureHaven/Snow/T_Snow_Normal.uasset" 292
"../../Plugins/Marketplace/Voxel/Content/Examples/Shared/Textures/TextureHaven/Snow/T_Snow_Height.uasset" 293
"../../Plugins/Marketplace/Voxel/Content/Examples/Shared/Textures/TextureHaven/Snow/T_Snow_ARM.uasset" 294
"../../Plugins/Marketplace/Voxel/Content/Examples/Shared/Textures/TextureHaven/Snow/T_Snow_Albedo.uasset" 295
"../../Plugins/Marketplace/Voxel/Content/Examples/Shared/Textures/TextureHaven/MedievalBlocks/T_MedievalBlocks_Normal.uasset" 296
"../../Plugins/Marketplace/Voxel/Content/Examples/Shared/Textures/TextureHaven/MedievalBlocks/T_MedievalBlocks_Height.uasset" 297
"../../Plugins/Marketplace/Voxel/Content/Examples/Shared/Textures/TextureHaven/MedievalBlocks/T_MedievalBlocks_ARM.uasset" 298
"../../Plugins/Marketplace/Voxel/Content/Examples/Shared/Textures/TextureHaven/MedievalBlocks/T_MedievalBlocks_Albedo.uasset" 299
"../../Plugins/Marketplace/Voxel/Content/Examples/Shared/Textures/TextureHaven/CoralMud/T_CoralMud_Height.uasset" 300
"../../Plugins/Marketplace/Voxel/Content/Examples/Shared/Textures/TextureHaven/CoralMud/T_CoralMud_ARM.uasset" 301
"../../Plugins/Marketplace/Voxel/Content/Examples/Shared/Textures/TextureHaven/BrownMudRocks/T_BrownMudRocks_Normal.uasset" 302
"../../Plugins/Marketplace/Voxel/Content/Examples/Shared/Textures/TextureHaven/BrownMudRocks/T_BrownMudRocks_Height.uasset" 303
"../../Plugins/Marketplace/Voxel/Content/Examples/Shared/Textures/TextureHaven/BrownMudRocks/T_BrownMudRocks_Arm.uasset" 304
"../../Plugins/Marketplace/Voxel/Content/Examples/Shared/Textures/TextureHaven/BrownMudRocks/T_BrownMudRocks_Albedo.uasset" 305
"../../Plugins/Marketplace/Voxel/Content/Examples/Shared/Textures/TextureHaven/AerialGrassRock/T_AerialGrassRock_Normal.uasset" 306
"../../Plugins/Marketplace/Voxel/Content/Examples/Shared/Textures/TextureHaven/AerialGrassRock/T_AerialGrassRock_Height.uasset" 307
"../../Plugins/Marketplace/Voxel/Content/Examples/Shared/Textures/TextureHaven/AerialGrassRock/T_AerialGrassRock_ARM.uasset" 308
"../../Plugins/Marketplace/Voxel/Content/Examples/Shared/Textures/TextureHaven/AerialGrassRock/T_AerialGrassRock_Albedo.uasset" 309
"../../Plugins/Marketplace/Voxel/Content/MaterialHelpers/Voxel_WorldAlignedUvs.uasset" 310
"../../Plugins/Marketplace/Voxel/Content/MaterialHelpers/Voxel_WorldAlignedAlphas.uasset" 311
"../../../Engine/Content/EngineMaterials/DefCube_Face.uasset" 312
"../../../Engine/Content/EngineMaterials/DefaultWhiteGrid.uasset" 313
"../../Plugins/Marketplace/Voxel/Content/MaterialHelpers/Voxel_WorldAlignedTextures.uasset" 314
"../../../Engine/Content/Functions/Engine_MaterialFunctions02/ExampleContent/Textures/SphereRenderNormalsMap.uasset" 315
"../../../Engine/Content/Functions/Engine_MaterialFunctions02/ExampleContent/Textures/water_n.uasset" 316
"../../../Engine/Content/Functions/Engine_MaterialFunctions02/ExampleContent/Textures/newhplaneNormalsMap.uasset" 317
"../../../Engine/Content/Functions/Engine_MaterialFunctions02/Math/Transform3x3Matrix.uasset" 318
"../../../Engine/Content/Functions/Engine_MaterialFunctions02/Math/CreateThirdOrthogonalVector.uasset" 319
"../../Plugins/Marketplace/Voxel/Content/MaterialHelpers/Voxel_WorldAlignedNormals.uasset" 320
"../../Plugins/Marketplace/Voxel/Content/MaterialHelpers/Voxel_TessellationMultiplier.uasset" 321
"../../Plugins/Marketplace/Voxel/Content/MaterialHelpers/Voxel_LocalNormal.uasset" 322
"../../Plugins/Marketplace/Voxel/Content/MaterialHelpers/Voxel_GetMultiIndexWetness.uasset" 323
"../../Plugins/Marketplace/Voxel/Content/MaterialHelpers/Voxel_GetMultiIndexBlends.uasset" 324
"../../Plugins/Marketplace/Voxel/Content/Examples/Materials/Quixel/MF_VoxelQuixelStaticSwitch.uasset" 325
"../../../Engine/Content/Functions/Engine_MaterialFunctions02/Texturing/HeightLerpWithTwoHeightMaps.uasset" 326
"../../Plugins/Marketplace/Voxel/Content/Examples/Materials/Quixel/MF_VoxelQuixelHeightBlend.uasset" 327
"../../Plugins/Marketplace/Voxel/Content/Examples/Shared/Textures/Default/T_DefaultHRA.uasset" 328
"../../Plugins/Marketplace/Voxel/Content/Examples/Shared/Textures/Default/T_DefaultNormalmap.uasset" 329
"../../Plugins/Marketplace/Voxel/Content/Examples/Shared/Textures/Default/T_DefaultHeightmap.uasset" 330
"../../Plugins/Marketplace/Voxel/Content/Examples/Shared/Textures/Default/T_DefaultARM.uasset" 331
"../../Plugins/Marketplace/Voxel/Content/Examples/Shared/Textures/Default/T_DefaultAlbedo.uasset" 332
"../../Plugins/Marketplace/Voxel/Content/Examples/Materials/Quixel/MF_VoxelQuixel.uasset" 333
"../../../Engine/Content/Functions/Engine_MaterialFunctions02/Texturing/HeightLerp.uasset" 334
"../../Plugins/Marketplace/Voxel/Content/Examples/Materials/Quixel/MF_VoxelQuixelCollection.uasset" 335
"../../Plugins/Marketplace/Voxel/Content/Examples/Materials/Quixel/MS_VoxelQuixelCollection.uasset" 336
"../../Plugins/Marketplace/Voxel/Content/Examples/Materials/Quixel/MI_VoxelQuixel_FiveWayBlend.uasset" 337
"../../Plugins/Marketplace/Voxel/Content/Examples/Materials/Quixel/MI_VoxelQuixel_FiveWayBlend_Inst.uasset" 338
"../../Plugins/Marketplace/Voxel/Content/Examples/Materials/Quixel/MS_VoxelQuixel.uasset" 339
"../../Plugins/Marketplace/Voxel/Content/Examples/Shared/Textures/TextureHaven/Snow/MI_Snow.uasset" 340
"../../Plugins/Marketplace/Voxel/Content/Examples/Shared/Textures/TextureHaven/RockGround/T_RockGround_Height.uasset" 341
"../../Plugins/Marketplace/Voxel/Content/Examples/Shared/Textures/TextureHaven/RockGround/T_RockGround_ARM.uasset" 342
"../../Plugins/Marketplace/Voxel/Content/Examples/Shared/Textures/TextureHaven/RockGround/T_RockGround_Normal.uasset" 343
"../../Plugins/Marketplace/Voxel/Content/Examples/Shared/Textures/TextureHaven/RockGround/T_RockGround_Albedo.uasset" 344
"../../Plugins/Marketplace/Voxel/Content/Examples/Shared/Textures/TextureHaven/RockGround/MI_RockGround.uasset" 345
"../../Plugins/Marketplace/Voxel/Content/Examples/Shared/Textures/TextureHaven/Rock/T_Rock_Normal.uasset" 346
"../../Plugins/Marketplace/Voxel/Content/Examples/Shared/Textures/TextureHaven/Rock/T_Rock_Height.uasset" 347
"../../Plugins/Marketplace/Voxel/Content/Examples/Shared/Textures/TextureHaven/Rock/T_Rock_ARM.uasset" 348
"../../Plugins/Marketplace/Voxel/Content/Examples/Shared/Textures/TextureHaven/Rock/T_Rock_Albedo.uasset" 349
"../../Plugins/Marketplace/Voxel/Content/Examples/Shared/Textures/TextureHaven/Rock/MI_Rock.uasset" 350
"../../Plugins/Marketplace/Voxel/Content/Examples/Shared/Textures/TextureHaven/Pavement/T_Pavement_Normal.uasset" 351
"../../Plugins/Marketplace/Voxel/Content/Examples/Shared/Textures/TextureHaven/Pavement/T_Pavement_Height.uasset" 352
"../../Plugins/Marketplace/Voxel/Content/Examples/Shared/Textures/TextureHaven/Pavement/T_Pavement_ARM.uasset" 353
"../../Plugins/Marketplace/Voxel/Content/Examples/Shared/Textures/TextureHaven/Pavement/T_Pavement_Albedo.uasset" 354
"../../Plugins/Marketplace/Voxel/Content/Examples/Shared/Textures/TextureHaven/Pavement/MI_Pavement.uasset" 355
"../../Plugins/Marketplace/Voxel/Content/Examples/Shared/Textures/TextureHaven/MI_AerialGrassRock_BrownMudRocks.uasset" 356
"../../Plugins/Marketplace/Voxel/Content/Examples/Shared/Textures/TextureHaven/MedievalBlocks/MI_MedievalBlocks.uasset" 357
"../../Plugins/Marketplace/Voxel/Content/Examples/Shared/Textures/TextureHaven/CoralMud/MI_CoralMud.uasset" 358
"../../Plugins/Marketplace/Voxel/Content/Examples/Shared/Textures/TextureHaven/ConcreteFloor/T_ConcreteFloor_Normal.uasset" 359
"../../Plugins/Marketplace/Voxel/Content/Examples/Shared/Textures/TextureHaven/ConcreteFloor/T_ConcreteFloor_Height.uasset" 360
"../../Plugins/Marketplace/Voxel/Content/Examples/Shared/Textures/TextureHaven/ConcreteFloor/T_ConcreteFloor_ARM.uasset" 361
"../../Plugins/Marketplace/Voxel/Content/Examples/Shared/Textures/TextureHaven/ConcreteFloor/T_ConcreteFloor_Albedo.uasset" 362
"../../Plugins/Marketplace/Voxel/Content/Examples/Shared/Textures/TextureHaven/ConcreteFloor/MI_ConcreteFloor.uasset" 363
"../../Plugins/Marketplace/Voxel/Content/Examples/Shared/Textures/TextureHaven/CastleWallSlates/T_CastleWallSlates_Normal.uasset" 364
"../../Plugins/Marketplace/Voxel/Content/Examples/Shared/Textures/TextureHaven/CastleWallSlates/T_CastleWallSlates_Height.uasset" 365
"../../Plugins/Marketplace/Voxel/Content/Examples/Shared/Textures/TextureHaven/CastleWallSlates/T_CastleWallSlates_ARM.uasset" 366
"../../Plugins/Marketplace/Voxel/Content/Examples/Shared/Textures/TextureHaven/CastleWallSlates/T_CastleWallSlates_Albedo.uasset" 367
"../../Plugins/Marketplace/Voxel/Content/Examples/Shared/Textures/TextureHaven/CastleWallSlates/MI_CastleWallSlates.uasset" 368
"../../Plugins/Marketplace/Voxel/Content/Examples/Shared/Textures/TextureHaven/BrownMudRocks/MI_BrownMudRocks.uasset" 369
"../../Plugins/Marketplace/Voxel/Content/Examples/Shared/Textures/TextureHaven/AerialGrassRock/MI_AerialGrassRock.uasset" 370
"../../Plugins/Marketplace/Voxel/Content/Examples/Materials/Quixel/MI_VoxelQuixelCollection.uasset" 371
"../../Plugins/Marketplace/Voxel/Content/Examples/Materials/Quixel/MCT_Quixel.uasset" 372
"../../Plugins/Marketplace/Voxel/Content/Examples/Materials/Quixel/MC_Quixel.uasset" 373
"F:/Unreal Projects/BlankProject 4.24/Content/Levels/MainMap.umap" 374
"../../../Engine/Content/MapTemplates/Sky/Desert_Outer_HDR.uasset" 375
"F:/Unreal Projects/BlankProject 4.24/Content/WaterPlane/Environment/Textures/T_Rock_Basalt_D.uasset" 376
"../../../Engine/Content/Functions/Engine_MaterialFunctions02/Utility/BlendAngleCorrectedNormals.uasset" 377
"F:/Unreal Projects/BlankProject 4.24/Content/WaterPlane/Environment/Textures/T_Detail_Rocky_N.uasset" 378
"F:/Unreal Projects/BlankProject 4.24/Content/WaterPlane/Environment/Textures/T_RockMesh_M.uasset" 379
"F:/Unreal Projects/BlankProject 4.24/Content/WaterPlane/Environment/Textures/T_RockMesh_N.uasset" 380
"F:/Unreal Projects/BlankProject 4.24/Content/WaterPlane/Environment/Props/Materials/M_Rock.uasset" 381
"F:/Unreal Projects/BlankProject 4.24/Content/WaterPlane/Environment/Props/SM_Rock.uasset" 382
"../../../Engine/Content/Functions/Engine_MaterialFunctions03/ComplexMotion/Motion_4WayChaos.uasset" 383
"../../../Engine/Content/Engine_MI_Shaders/T_Base_Tile_Normal.uasset" 384
"../../../Engine/Content/Functions/Engine_MaterialFunctions03/ComplexMotion/Motion_4WayChaos_Normal.uasset" 385
"F:/Unreal Projects/BlankProject 4.24/Content/WaterPlane/Lake/Textures/T_MediumWaves_H.uasset" 386
"F:/Unreal Projects/BlankProject 4.24/Content/WaterPlane/Lake/Textures/T_MediumWaves_N.uasset" 387
"F:/Unreal Projects/BlankProject 4.24/Content/WaterPlane/Lake/Textures/T_SmallWaves_N.uasset" 388
"F:/Unreal Projects/BlankProject 4.24/Content/WaterPlane/Lake/Materials/M_LakeWater_01.uasset" 389
"F:/Unreal Projects/BlankProject 4.24/Content/WaterPlane/Ocean/Textures/T_LargeWaves_H.uasset" 390
"F:/Unreal Projects/BlankProject 4.24/Content/WaterPlane/Lake/Materials/M_LakeWater_01_Inst.uasset" 391
"F:/Unreal Projects/BlankProject 4.24/Content/WaterPlane/Ocean/Materials/OceanWater_SS.uasset" 392
"F:/Unreal Projects/BlankProject 4.24/Content/WaterPlane/Ocean/Textures/T_Seafoam_01.uasset" 393
"F:/Unreal Projects/BlankProject 4.24/Content/WaterPlane/Ocean/Textures/T_LargeWaves_N.uasset" 394
"../../../Engine/Content/MapTemplates/Sky/DaylightAmbientCubemap.uasset" 395
"F:/Unreal Projects/BlankProject 4.24/Content/WaterPlane/Ocean/Materials/M_OceanWater_1.uasset" 396
"F:/Unreal Projects/BlankProject 4.24/Content/WaterPlane/Ocean/Materials/M_OceanWater_1_Inst.uasset" 397
"F:/Unreal Projects/BlankProject 4.24/Content/WaterPlane/Meshes/SM_OceanWater.uasset" 398
"F:/Unreal Projects/BlankProject 4.24/Content/WaterPlane/Lake/Blueprint/BP_LakeWater.uasset" 399
"F:/Unreal Projects/BlankProject 4.24/Content/WaterPlane/Maps/LakeWater_Example.umap" 400
"F:/Unreal Projects/BlankProject 4.24/Content/WaterPlane/Ocean/Blueprint/BP_OceanWater.uasset" 401
"F:/Unreal Projects/BlankProject 4.24/Content/WaterPlane/Maps/OceanWater_Example.umap" 402
"F:/Unreal Projects/BlankProject 4.24/Content/WaterPlane/Environment/HDRI/HDRI_Epic_Courtyard_Daylight.uasset" 403
"F:/Unreal Projects/BlankProject 4.24/Content/WaterPlane/Translucent/Materials/M_TranslucentWater.uasset" 404
"F:/Unreal Projects/BlankProject 4.24/Content/WaterPlane/Translucent/Materials/M_TranslucentWater_Inst.uasset" 405
"F:/Unreal Projects/BlankProject 4.24/Content/WaterPlane/Translucent/Blueprint/BP_TranslucentWater.uasset" 406
"F:/Unreal Projects/BlankProject 4.24/Content/WaterPlane/Environment/Textures/T_MacroVariation.uasset" 407
"F:/Unreal Projects/BlankProject 4.24/Content/WaterPlane/Environment/Textures/T_Perlin_Noise_M.uasset" 408
"F:/Unreal Projects/BlankProject 4.24/Content/WaterPlane/Environment/Textures/T_Rock_Basalt_N.uasset" 409
"F:/Unreal Projects/BlankProject 4.24/Content/WaterPlane/Environment/Materials/M_Rock_Basalt.uasset" 410
"F:/Unreal Projects/BlankProject 4.24/Content/WaterPlane/Maps/TranslucentWater_Example.umap" 411
"../../../Engine/Content/Maps/Entry_BuiltData.uasset" 412
"../../../Engine/Content/Maps/Entry.umap" 413
